2016-09-17 19:56:27,582 [myid:] - INFO  [main:QuorumPeerConfig@103] - Reading configuration from: /Users/Toan/soft/zookeeper/bin/../conf/zoo.cfg
2016-09-17 19:56:27,587 [myid:] - INFO  [main:DatadirCleanupManager@78] - autopurge.snapRetainCount set to 3
2016-09-17 19:56:27,587 [myid:] - INFO  [main:DatadirCleanupManager@79] - autopurge.purgeInterval set to 0
2016-09-17 19:56:27,587 [myid:] - INFO  [main:DatadirCleanupManager@101] - Purge task is not scheduled.
2016-09-17 19:56:27,587 [myid:] - WARN  [main:QuorumPeerMain@113] - Either no config or no quorum defined in config, running  in standalone mode
2016-09-17 19:56:27,601 [myid:] - INFO  [main:QuorumPeerConfig@103] - Reading configuration from: /Users/Toan/soft/zookeeper/bin/../conf/zoo.cfg
2016-09-17 19:56:27,601 [myid:] - INFO  [main:ZooKeeperServerMain@95] - Starting server
2016-09-17 19:56:27,615 [myid:] - INFO  [main:Environment@100] - Server environment:zookeeper.version=3.4.8--1, built on 02/06/2016 03:18 GMT
2016-09-17 19:56:27,615 [myid:] - INFO  [main:Environment@100] - Server environment:host.name=192.168.1.101
2016-09-17 19:56:27,615 [myid:] - INFO  [main:Environment@100] - Server environment:java.version=1.8.0_66
2016-09-17 19:56:27,615 [myid:] - INFO  [main:Environment@100] - Server environment:java.vendor=Oracle Corporation
2016-09-17 19:56:27,615 [myid:] - INFO  [main:Environment@100] - Server environment:java.home=/Library/Java/JavaVirtualMachines/jdk1.8.0_66.jdk/Contents/Home/jre
2016-09-17 19:56:27,615 [myid:] - INFO  [main:Environment@100] - Server environment:java.class.path=/Users/Toan/soft/zookeeper/bin/../build/classes:/Users/Toan/soft/zookeeper/bin/../build/lib/*.jar:/Users/Toan/soft/zookeeper/bin/../lib/slf4j-log4j12-1.6.1.jar:/Users/Toan/soft/zookeeper/bin/../lib/slf4j-api-1.6.1.jar:/Users/Toan/soft/zookeeper/bin/../lib/netty-3.7.0.Final.jar:/Users/Toan/soft/zookeeper/bin/../lib/log4j-1.2.16.jar:/Users/Toan/soft/zookeeper/bin/../lib/jline-0.9.94.jar:/Users/Toan/soft/zookeeper/bin/../zookeeper-3.4.8.jar:/Users/Toan/soft/zookeeper/bin/../src/java/lib/*.jar:/Users/Toan/soft/zookeeper/bin/../conf:
2016-09-17 19:56:27,615 [myid:] - INFO  [main:Environment@100] - Server environment:java.library.path=/Users/Toan/Library/Java/Extensions:/Library/Java/Extensions:/Network/Library/Java/Extensions:/System/Library/Java/Extensions:/usr/lib/java:.
2016-09-17 19:56:27,615 [myid:] - INFO  [main:Environment@100] - Server environment:java.io.tmpdir=/var/folders/fw/4bxnw2p55nlgwcgn7428950r0000gn/T/
2016-09-17 19:56:27,615 [myid:] - INFO  [main:Environment@100] - Server environment:java.compiler=<NA>
2016-09-17 19:56:27,617 [myid:] - INFO  [main:Environment@100] - Server environment:os.name=Mac OS X
2016-09-17 19:56:27,617 [myid:] - INFO  [main:Environment@100] - Server environment:os.arch=x86_64
2016-09-17 19:56:27,617 [myid:] - INFO  [main:Environment@100] - Server environment:os.version=10.11.6
2016-09-17 19:56:27,617 [myid:] - INFO  [main:Environment@100] - Server environment:user.name=Toan
2016-09-17 19:56:27,617 [myid:] - INFO  [main:Environment@100] - Server environment:user.home=/Users/Toan
2016-09-17 19:56:27,617 [myid:] - INFO  [main:Environment@100] - Server environment:user.dir=/Users/Toan/git/maogogo/jerry/webapp
2016-09-17 19:56:27,628 [myid:] - INFO  [main:ZooKeeperServer@787] - tickTime set to 2000
2016-09-17 19:56:27,628 [myid:] - INFO  [main:ZooKeeperServer@796] - minSessionTimeout set to -1
2016-09-17 19:56:27,628 [myid:] - INFO  [main:ZooKeeperServer@805] - maxSessionTimeout set to -1
2016-09-17 19:56:27,653 [myid:] - INFO  [main:NIOServerCnxnFactory@89] - binding to port 0.0.0.0/0.0.0.0:2181
